Testsuite: nl.naturalis.oaipmh.api.ArgumentTest
Tests run: 5, Failures: 3, Errors: 0, Skipped: 0, Time elapsed: 0.018 sec

Testcase: testIsRequired took 0.004 sec
	FAILED
01
junit.framework.AssertionFailedError: 01
	at nl.naturalis.oaipmh.api.ArgumentTest.testIsRequired(ArgumentTest.java:50)
	at org.eclipse.ant.internal.launching.remote.EclipseDefaultExecutor.executeTargets(EclipseDefaultExecutor.java:36)
	at org.eclipse.ant.internal.launching.remote.InternalAntRunner.run(InternalAntRunner.java:452)
	at org.eclipse.ant.internal.launching.remote.InternalAntRunner.main(InternalAntRunner.java:139)

Testcase: testIsOptional took 0.001 sec
	FAILED
01
junit.framework.AssertionFailedError: 01
	at nl.naturalis.oaipmh.api.ArgumentTest.testIsOptional(ArgumentTest.java:59)
	at org.eclipse.ant.internal.launching.remote.EclipseDefaultExecutor.executeTargets(EclipseDefaultExecutor.java:36)
	at org.eclipse.ant.internal.launching.remote.InternalAntRunner.run(InternalAntRunner.java:452)
	at org.eclipse.ant.internal.launching.remote.InternalAntRunner.main(InternalAntRunner.java:139)

Testcase: testParse took 0 sec
Testcase: testIsAllowed took 0 sec
Testcase: testGetRequiredArguments took 0.001 sec
	FAILED
01 expected:<1> but was:<0>
junit.framework.AssertionFailedError: 01 expected:<1> but was:<0>
	at nl.naturalis.oaipmh.api.ArgumentTest.testGetRequiredArguments(ArgumentTest.java:42)
	at org.eclipse.ant.internal.launching.remote.EclipseDefaultExecutor.executeTargets(EclipseDefaultExecutor.java:36)
	at org.eclipse.ant.internal.launching.remote.InternalAntRunner.run(InternalAntRunner.java:452)
	at org.eclipse.ant.internal.launching.remote.InternalAntRunner.main(InternalAntRunner.java:139)

